[2022-06-20 08:17:52,658] {manager.py:480} INFO - Processing files using up to 2 processes at a time 
[2022-06-20 08:17:52,660] {manager.py:481} INFO - Process each file at most once every 30 seconds
[2022-06-20 08:17:52,663] {manager.py:483} INFO - Checking for new files in /opt/airflow/dags every 300 seconds
[2022-06-20 08:17:52,665] {manager.py:690} INFO - Searching for files in /opt/airflow/dags
[2022-06-20 08:17:52,752] {manager.py:693} INFO - There are 2 files in /opt/airflow/dags
[2022-06-20 08:17:52,885] {manager.py:809} INFO - 
================================================================================
DAG File Processing Stats

File Path                                    PID  Runtime      # DAGs    # Errors  Last Runtime    Last Run
-----------------------------------------  -----  ---------  --------  ----------  --------------  ----------
/opt/airflow/dags/scenario_insert_only.py     42  0.06s             0           0
/opt/airflow/dags/scenario_restore.py         43  0.05s             0           0
================================================================================
[2022-06-20 08:18:23,113] {manager.py:809} INFO - 
================================================================================
DAG File Processing Stats

File Path                                    PID  Runtime      # DAGs    # Errors  Last Runtime    Last Run
-----------------------------------------  -----  ---------  --------  ----------  --------------  -------------------
/opt/airflow/dags/scenario_insert_only.py     62  0.01s             1           0  0.22s           2022-06-20T08:17:53
/opt/airflow/dags/scenario_restore.py         63  0.00s             1           0  0.26s           2022-06-20T08:17:53
================================================================================
[2022-06-20 08:18:53,310] {manager.py:809} INFO - 
================================================================================
DAG File Processing Stats

File Path                                    PID  Runtime      # DAGs    # Errors  Last Runtime    Last Run
-----------------------------------------  -----  ---------  --------  ----------  --------------  -------------------
/opt/airflow/dags/scenario_insert_only.py     92  0.01s             1           0  0.13s           2022-06-20T08:18:23
/opt/airflow/dags/scenario_restore.py         93  0.01s             1           0  0.12s           2022-06-20T08:18:23
================================================================================
[2022-06-20 08:19:23,502] {manager.py:809} INFO - 
================================================================================
DAG File Processing Stats

File Path                                    PID  Runtime      # DAGs    # Errors  Last Runtime    Last Run
-----------------------------------------  -----  ---------  --------  ----------  --------------  -------------------
/opt/airflow/dags/scenario_insert_only.py    122  0.01s             1           0  0.12s           2022-06-20T08:18:53
/opt/airflow/dags/scenario_restore.py        123  0.00s             1           0  0.11s           2022-06-20T08:18:53
================================================================================
[2022-06-20 08:19:53,708] {manager.py:809} INFO - 
================================================================================
DAG File Processing Stats

File Path                                    PID  Runtime      # DAGs    # Errors  Last Runtime    Last Run
-----------------------------------------  -----  ---------  --------  ----------  --------------  -------------------
/opt/airflow/dags/scenario_insert_only.py    143  0.01s             1           0  0.11s           2022-06-20T08:19:23
/opt/airflow/dags/scenario_restore.py        144  0.01s             1           0  0.11s           2022-06-20T08:19:23
================================================================================
[2022-06-20 08:20:23,928] {manager.py:809} INFO - 
================================================================================
DAG File Processing Stats

File Path                                    PID  Runtime      # DAGs    # Errors  Last Runtime    Last Run
-----------------------------------------  -----  ---------  --------  ----------  --------------  -------------------
/opt/airflow/dags/scenario_insert_only.py    172  0.02s             1           0  0.13s           2022-06-20T08:19:53
/opt/airflow/dags/scenario_restore.py        173  0.01s             1           0  0.11s           2022-06-20T08:19:53
================================================================================
[2022-06-20 08:20:54,121] {manager.py:809} INFO - 
================================================================================
DAG File Processing Stats

File Path                                    PID  Runtime      # DAGs    # Errors  Last Runtime    Last Run
-----------------------------------------  -----  ---------  --------  ----------  --------------  -------------------
/opt/airflow/dags/scenario_insert_only.py    193  0.01s             1           0  0.14s           2022-06-20T08:20:24
/opt/airflow/dags/scenario_restore.py        194  0.00s             1           0  0.14s           2022-06-20T08:20:24
================================================================================
[2022-06-20 08:21:24,291] {manager.py:809} INFO - 
================================================================================
DAG File Processing Stats

File Path                                    PID  Runtime      # DAGs    # Errors  Last Runtime    Last Run
-----------------------------------------  -----  ---------  --------  ----------  --------------  -------------------
/opt/airflow/dags/scenario_insert_only.py    221  0.01s             1           0  0.13s           2022-06-20T08:20:54
/opt/airflow/dags/scenario_restore.py        222  0.00s             1           0  0.11s           2022-06-20T08:20:54
================================================================================
[2022-06-20 08:21:54,489] {manager.py:809} INFO - 
================================================================================
DAG File Processing Stats

File Path                                    PID  Runtime      # DAGs    # Errors  Last Runtime    Last Run
-----------------------------------------  -----  ---------  --------  ----------  --------------  -------------------
/opt/airflow/dags/scenario_insert_only.py    250  0.01s             1           0  0.12s           2022-06-20T08:21:24
/opt/airflow/dags/scenario_restore.py        251  0.01s             1           0  0.11s           2022-06-20T08:21:24
================================================================================
[2022-06-20 08:22:24,699] {manager.py:809} INFO - 
================================================================================
DAG File Processing Stats

File Path                                    PID  Runtime      # DAGs    # Errors  Last Runtime    Last Run
-----------------------------------------  -----  ---------  --------  ----------  --------------  -------------------
/opt/airflow/dags/scenario_insert_only.py    271  0.01s             1           0  0.12s           2022-06-20T08:21:54
/opt/airflow/dags/scenario_restore.py        272  0.00s             1           0  0.12s           2022-06-20T08:21:54
================================================================================
[2022-06-20 08:22:52,791] {manager.py:690} INFO - Searching for files in /opt/airflow/dags
[2022-06-20 08:22:52,832] {manager.py:693} INFO - There are 2 files in /opt/airflow/dags
[2022-06-20 08:22:54,862] {manager.py:809} INFO - 
================================================================================
DAG File Processing Stats

File Path                                    PID  Runtime      # DAGs    # Errors  Last Runtime    Last Run
-----------------------------------------  -----  ---------  --------  ----------  --------------  -------------------
/opt/airflow/dags/scenario_insert_only.py    301  0.02s             1           0  0.15s           2022-06-20T08:22:24
/opt/airflow/dags/scenario_restore.py        302  0.01s             1           0  0.14s           2022-06-20T08:22:24
================================================================================
[2022-06-20 08:23:25,084] {manager.py:809} INFO - 
================================================================================
DAG File Processing Stats

File Path                                    PID  Runtime      # DAGs    # Errors  Last Runtime    Last Run
-----------------------------------------  -----  ---------  --------  ----------  --------------  -------------------
/opt/airflow/dags/scenario_insert_only.py    321  0.01s             1           0  0.13s           2022-06-20T08:22:54
/opt/airflow/dags/scenario_restore.py        322  0.01s             1           0  0.13s           2022-06-20T08:22:54
================================================================================
[2022-06-20 08:23:55,169] {manager.py:809} INFO - 
================================================================================
DAG File Processing Stats

File Path                                  PID    Runtime      # DAGs    # Errors  Last Runtime    Last Run
-----------------------------------------  -----  ---------  --------  ----------  --------------  -------------------
/opt/airflow/dags/scenario_insert_only.py                           1           0  0.39s           2022-06-20T08:23:25
/opt/airflow/dags/scenario_restore.py                               1           0  0.38s           2022-06-20T08:23:25
================================================================================
[2022-06-20 08:24:25,592] {manager.py:809} INFO - 
================================================================================
DAG File Processing Stats

File Path                                  PID    Runtime      # DAGs    # Errors  Last Runtime    Last Run
-----------------------------------------  -----  ---------  --------  ----------  --------------  -------------------
/opt/airflow/dags/scenario_insert_only.py                           1           0  0.13s           2022-06-20T08:23:55
/opt/airflow/dags/scenario_restore.py                               1           0  0.12s           2022-06-20T08:23:55
================================================================================
[2022-06-20 08:24:56,023] {manager.py:809} INFO - 
================================================================================
DAG File Processing Stats

File Path                                    PID  Runtime      # DAGs    # Errors  Last Runtime    Last Run
-----------------------------------------  -----  ---------  --------  ----------  --------------  -------------------
/opt/airflow/dags/scenario_insert_only.py    400  0.01s             1           0  0.22s           2022-06-20T08:24:25
/opt/airflow/dags/scenario_restore.py        401  0.01s             1           0  0.24s           2022-06-20T08:24:25
================================================================================
[2022-06-20 08:25:26,197] {manager.py:809} INFO - 
================================================================================
DAG File Processing Stats

File Path                                    PID  Runtime      # DAGs    # Errors  Last Runtime    Last Run
-----------------------------------------  -----  ---------  --------  ----------  --------------  -------------------
/opt/airflow/dags/scenario_insert_only.py    429  0.01s             1           0  0.11s           2022-06-20T08:24:56
/opt/airflow/dags/scenario_restore.py        430  0.01s             1           0  0.11s           2022-06-20T08:24:56
================================================================================
[2022-06-20 08:25:56,417] {manager.py:809} INFO - 
================================================================================
DAG File Processing Stats

File Path                                    PID  Runtime      # DAGs    # Errors  Last Runtime    Last Run
-----------------------------------------  -----  ---------  --------  ----------  --------------  -------------------
/opt/airflow/dags/scenario_insert_only.py    449  0.01s             1           0  0.13s           2022-06-20T08:25:26
/opt/airflow/dags/scenario_restore.py        450  0.01s             1           0  0.15s           2022-06-20T08:25:26
================================================================================
[2022-06-20 08:26:26,635] {manager.py:809} INFO - 
================================================================================
DAG File Processing Stats

File Path                                    PID  Runtime      # DAGs    # Errors  Last Runtime    Last Run
-----------------------------------------  -----  ---------  --------  ----------  --------------  -------------------
/opt/airflow/dags/scenario_insert_only.py    479  0.02s             1           0  0.13s           2022-06-20T08:25:56
/opt/airflow/dags/scenario_restore.py        480  0.01s             1           0  0.14s           2022-06-20T08:25:56
================================================================================
[2022-06-20 08:26:56,724] {manager.py:809} INFO - 
================================================================================
DAG File Processing Stats

File Path                                  PID    Runtime      # DAGs    # Errors  Last Runtime    Last Run
-----------------------------------------  -----  ---------  --------  ----------  --------------  -------------------
/opt/airflow/dags/scenario_insert_only.py                           1           0  0.14s           2022-06-20T08:26:26
/opt/airflow/dags/scenario_restore.py                               1           0  0.13s           2022-06-20T08:26:26
================================================================================
[2022-06-20 08:27:27,070] {manager.py:809} INFO - 
================================================================================
DAG File Processing Stats

File Path                                    PID  Runtime      # DAGs    # Errors  Last Runtime    Last Run
-----------------------------------------  -----  ---------  --------  ----------  --------------  -------------------
/opt/airflow/dags/scenario_insert_only.py    529  0.02s             1           0  0.19s           2022-06-20T08:26:56
/opt/airflow/dags/scenario_restore.py        530  0.01s             1           0  0.17s           2022-06-20T08:26:56
================================================================================
[2022-06-20 08:27:53,326] {manager.py:690} INFO - Searching for files in /opt/airflow/dags
[2022-06-20 08:27:53,363] {manager.py:693} INFO - There are 2 files in /opt/airflow/dags
[2022-06-20 08:27:57,392] {manager.py:809} INFO - 
================================================================================
DAG File Processing Stats

File Path                                    PID  Runtime      # DAGs    # Errors  Last Runtime    Last Run
-----------------------------------------  -----  ---------  --------  ----------  --------------  -------------------
/opt/airflow/dags/scenario_insert_only.py    559  0.01s             1           0  0.21s           2022-06-20T08:27:27
/opt/airflow/dags/scenario_restore.py        560  0.01s             1           0  0.18s           2022-06-20T08:27:27
================================================================================
[2022-06-20 08:28:27,577] {manager.py:809} INFO - 
================================================================================
DAG File Processing Stats

File Path                                    PID  Runtime      # DAGs    # Errors  Last Runtime    Last Run
-----------------------------------------  -----  ---------  --------  ----------  --------------  -------------------
/opt/airflow/dags/scenario_insert_only.py    579  0.01s             1           0  0.11s           2022-06-20T08:27:57
/opt/airflow/dags/scenario_restore.py        580  0.00s             1           0  0.10s           2022-06-20T08:27:57
================================================================================
[2022-06-20 08:28:57,776] {manager.py:809} INFO - 
================================================================================
DAG File Processing Stats

File Path                                    PID  Runtime      # DAGs    # Errors  Last Runtime    Last Run
-----------------------------------------  -----  ---------  --------  ----------  --------------  -------------------
/opt/airflow/dags/scenario_insert_only.py    609  0.01s             1           0  0.14s           2022-06-20T08:28:27
/opt/airflow/dags/scenario_restore.py        610  0.01s             1           0  0.12s           2022-06-20T08:28:27
================================================================================
[2022-06-20 08:29:27,977] {manager.py:809} INFO - 
================================================================================
DAG File Processing Stats

File Path                                    PID  Runtime      # DAGs    # Errors  Last Runtime    Last Run
-----------------------------------------  -----  ---------  --------  ----------  --------------  -------------------
/opt/airflow/dags/scenario_insert_only.py    629  0.01s             1           0  0.13s           2022-06-20T08:28:57
/opt/airflow/dags/scenario_restore.py        630  0.01s             1           0  0.15s           2022-06-20T08:28:57
================================================================================
[2022-06-20 08:29:58,196] {manager.py:809} INFO - 
================================================================================
DAG File Processing Stats

File Path                                    PID  Runtime      # DAGs    # Errors  Last Runtime    Last Run
-----------------------------------------  -----  ---------  --------  ----------  --------------  -------------------
/opt/airflow/dags/scenario_insert_only.py    658  0.01s             1           0  0.14s           2022-06-20T08:29:28
/opt/airflow/dags/scenario_restore.py        659  0.01s             1           0  0.14s           2022-06-20T08:29:28
================================================================================
[2022-06-20 08:30:28,376] {manager.py:809} INFO - 
================================================================================
DAG File Processing Stats

File Path                                    PID  Runtime      # DAGs    # Errors  Last Runtime    Last Run
-----------------------------------------  -----  ---------  --------  ----------  --------------  -------------------
/opt/airflow/dags/scenario_insert_only.py    687  0.01s             1           0  0.11s           2022-06-20T08:29:58
/opt/airflow/dags/scenario_restore.py        688  0.00s             1           0  0.12s           2022-06-20T08:29:58
================================================================================
[2022-06-20 08:30:58,679] {manager.py:809} INFO - 
================================================================================
DAG File Processing Stats

File Path                                    PID  Runtime      # DAGs    # Errors  Last Runtime    Last Run
-----------------------------------------  -----  ---------  --------  ----------  --------------  -------------------
/opt/airflow/dags/scenario_insert_only.py    707  0.03s             1           0  0.22s           2022-06-20T08:30:28
/opt/airflow/dags/scenario_restore.py        708  0.03s             1           0  0.14s           2022-06-20T08:30:28
================================================================================
[2022-06-20 08:31:28,970] {manager.py:809} INFO - 
================================================================================
DAG File Processing Stats

File Path                                    PID  Runtime      # DAGs    # Errors  Last Runtime    Last Run
-----------------------------------------  -----  ---------  --------  ----------  --------------  -------------------
/opt/airflow/dags/scenario_insert_only.py    736  0.02s             1           0  0.25s           2022-06-20T08:30:58
/opt/airflow/dags/scenario_restore.py        737  0.01s             1           0  0.23s           2022-06-20T08:30:58
================================================================================
[2022-06-20 08:31:59,176] {manager.py:809} INFO - 
================================================================================
DAG File Processing Stats

File Path                                    PID  Runtime      # DAGs    # Errors  Last Runtime    Last Run
-----------------------------------------  -----  ---------  --------  ----------  --------------  -------------------
/opt/airflow/dags/scenario_insert_only.py    756  0.01s             1           0  0.13s           2022-06-20T08:31:29
/opt/airflow/dags/scenario_restore.py        757  0.00s             1           0  0.11s           2022-06-20T08:31:29
================================================================================
[2022-06-20 08:32:29,408] {manager.py:809} INFO - 
================================================================================
DAG File Processing Stats

File Path                                    PID  Runtime      # DAGs    # Errors  Last Runtime    Last Run
-----------------------------------------  -----  ---------  --------  ----------  --------------  -------------------
/opt/airflow/dags/scenario_insert_only.py    787  0.02s             1           0  0.13s           2022-06-20T08:31:59
/opt/airflow/dags/scenario_restore.py        788  0.01s             1           0  0.13s           2022-06-20T08:31:59
================================================================================
[2022-06-20 08:32:53,648] {manager.py:690} INFO - Searching for files in /opt/airflow/dags
[2022-06-20 08:32:53,696] {manager.py:693} INFO - There are 2 files in /opt/airflow/dags
[2022-06-20 08:32:59,733] {manager.py:809} INFO - 
================================================================================
DAG File Processing Stats

File Path                                    PID  Runtime      # DAGs    # Errors  Last Runtime    Last Run
-----------------------------------------  -----  ---------  --------  ----------  --------------  -------------------
/opt/airflow/dags/scenario_insert_only.py    818  0.02s             1           0  0.18s           2022-06-20T08:32:29
/opt/airflow/dags/scenario_restore.py        819  0.01s             1           0  0.18s           2022-06-20T08:32:29
================================================================================
[2022-06-20 08:33:29,950] {manager.py:809} INFO - 
================================================================================
DAG File Processing Stats

File Path                                    PID  Runtime      # DAGs    # Errors  Last Runtime    Last Run
-----------------------------------------  -----  ---------  --------  ----------  --------------  -------------------
/opt/airflow/dags/scenario_insert_only.py    838  0.01s             1           0  0.12s           2022-06-20T08:32:59
/opt/airflow/dags/scenario_restore.py        839  0.00s             1           0  0.13s           2022-06-20T08:32:59
================================================================================
[2022-06-20 08:34:00,202] {manager.py:809} INFO - 
================================================================================
DAG File Processing Stats

File Path                                    PID  Runtime      # DAGs    # Errors  Last Runtime    Last Run
-----------------------------------------  -----  ---------  --------  ----------  --------------  -------------------
/opt/airflow/dags/scenario_insert_only.py    868  0.01s             1           0  0.17s           2022-06-20T08:33:30
/opt/airflow/dags/scenario_restore.py        869  0.01s             1           0  0.14s           2022-06-20T08:33:30
================================================================================
[2022-06-20 08:34:30,475] {manager.py:809} INFO - 
================================================================================
DAG File Processing Stats

File Path                                    PID  Runtime      # DAGs    # Errors  Last Runtime    Last Run
-----------------------------------------  -----  ---------  --------  ----------  --------------  -------------------
/opt/airflow/dags/scenario_insert_only.py    889  0.01s             1           0  0.22s           2022-06-20T08:34:00
/opt/airflow/dags/scenario_restore.py        890  0.01s             1           0  0.19s           2022-06-20T08:34:00
================================================================================
[2022-06-20 08:35:00,585] {manager.py:809} INFO - 
================================================================================
DAG File Processing Stats

File Path                                  PID    Runtime      # DAGs    # Errors  Last Runtime    Last Run
-----------------------------------------  -----  ---------  --------  ----------  --------------  -------------------
/opt/airflow/dags/scenario_insert_only.py                           1           0  0.20s           2022-06-20T08:34:30
/opt/airflow/dags/scenario_restore.py                               1           0  0.20s           2022-06-20T08:34:30
================================================================================
[2022-06-20 08:35:30,941] {manager.py:809} INFO - 
================================================================================
DAG File Processing Stats

File Path                                    PID  Runtime      # DAGs    # Errors  Last Runtime    Last Run
-----------------------------------------  -----  ---------  --------  ----------  --------------  -------------------
/opt/airflow/dags/scenario_insert_only.py    949  0.01s             1           0  0.12s           2022-06-20T08:35:00
/opt/airflow/dags/scenario_restore.py        950  0.00s             1           0  0.11s           2022-06-20T08:35:00
================================================================================
[2022-06-20 08:36:01,156] {manager.py:809} INFO - 
================================================================================
DAG File Processing Stats

File Path                                    PID  Runtime      # DAGs    # Errors  Last Runtime    Last Run
-----------------------------------------  -----  ---------  --------  ----------  --------------  -------------------
/opt/airflow/dags/scenario_insert_only.py    969  0.01s             1           0  0.14s           2022-06-20T08:35:31
/opt/airflow/dags/scenario_restore.py        970  0.01s             1           0  0.11s           2022-06-20T08:35:31
================================================================================
[2022-06-20 08:36:31,364] {manager.py:809} INFO - 
================================================================================
DAG File Processing Stats

File Path                                    PID  Runtime      # DAGs    # Errors  Last Runtime    Last Run
-----------------------------------------  -----  ---------  --------  ----------  --------------  -------------------
/opt/airflow/dags/scenario_insert_only.py    999  0.01s             1           0  0.14s           2022-06-20T08:36:01
/opt/airflow/dags/scenario_restore.py       1000  0.01s             1           0  0.11s           2022-06-20T08:36:01
================================================================================
[2022-06-20 08:37:01,591] {manager.py:809} INFO - 
================================================================================
DAG File Processing Stats

File Path                                    PID  Runtime      # DAGs    # Errors  Last Runtime    Last Run
-----------------------------------------  -----  ---------  --------  ----------  --------------  -------------------
/opt/airflow/dags/scenario_insert_only.py   1028  0.01s             1           0  0.14s           2022-06-20T08:36:31
/opt/airflow/dags/scenario_restore.py       1029  0.00s             1           0  0.13s           2022-06-20T08:36:31
================================================================================
[2022-06-20 08:37:31,820] {manager.py:809} INFO - 
================================================================================
DAG File Processing Stats

File Path                                    PID  Runtime      # DAGs    # Errors  Last Runtime    Last Run
-----------------------------------------  -----  ---------  --------  ----------  --------------  -------------------
/opt/airflow/dags/scenario_insert_only.py   1048  0.01s             1           0  0.18s           2022-06-20T08:37:01
/opt/airflow/dags/scenario_restore.py       1049  0.01s             1           0  0.15s           2022-06-20T08:37:01
================================================================================
[2022-06-20 08:37:53,973] {manager.py:690} INFO - Searching for files in /opt/airflow/dags
[2022-06-20 08:37:54,016] {manager.py:693} INFO - There are 2 files in /opt/airflow/dags
[2022-06-20 08:38:02,093] {manager.py:809} INFO - 
================================================================================
DAG File Processing Stats

File Path                                    PID  Runtime      # DAGs    # Errors  Last Runtime    Last Run
-----------------------------------------  -----  ---------  --------  ----------  --------------  -------------------
/opt/airflow/dags/scenario_insert_only.py   1078  0.01s             1           0  0.13s           2022-06-20T08:37:31
/opt/airflow/dags/scenario_restore.py       1079  0.01s             1           0  0.12s           2022-06-20T08:37:31
================================================================================
[2022-06-20 08:38:32,291] {manager.py:809} INFO - 
================================================================================
DAG File Processing Stats

File Path                                    PID  Runtime      # DAGs    # Errors  Last Runtime    Last Run
-----------------------------------------  -----  ---------  --------  ----------  --------------  -------------------
/opt/airflow/dags/scenario_insert_only.py   1098  0.02s             1           0  0.12s           2022-06-20T08:38:02
/opt/airflow/dags/scenario_restore.py       1099  0.01s             1           0  0.14s           2022-06-20T08:38:02
================================================================================
[2022-06-20 08:39:02,488] {manager.py:809} INFO - 
================================================================================
DAG File Processing Stats

File Path                                    PID  Runtime      # DAGs    # Errors  Last Runtime    Last Run
-----------------------------------------  -----  ---------  --------  ----------  --------------  -------------------
/opt/airflow/dags/scenario_insert_only.py   1128  0.01s             1           0  0.13s           2022-06-20T08:38:32
/opt/airflow/dags/scenario_restore.py       1129  0.01s             1           0  0.12s           2022-06-20T08:38:32
================================================================================
[2022-06-20 08:39:32,699] {manager.py:809} INFO - 
================================================================================
DAG File Processing Stats

File Path                                    PID  Runtime      # DAGs    # Errors  Last Runtime    Last Run
-----------------------------------------  -----  ---------  --------  ----------  --------------  -------------------
/opt/airflow/dags/scenario_insert_only.py   1157  0.02s             1           0  0.14s           2022-06-20T08:39:02
/opt/airflow/dags/scenario_restore.py       1158  0.01s             1           0  0.12s           2022-06-20T08:39:02
================================================================================
[2022-06-20 08:40:02,947] {manager.py:809} INFO - 
================================================================================
DAG File Processing Stats

File Path                                    PID  Runtime      # DAGs    # Errors  Last Runtime    Last Run
-----------------------------------------  -----  ---------  --------  ----------  --------------  -------------------
/opt/airflow/dags/scenario_insert_only.py   1179  0.01s             1           0  0.19s           2022-06-20T08:39:32
/opt/airflow/dags/scenario_restore.py       1180  0.00s             1           0  0.18s           2022-06-20T08:39:32
================================================================================
[2022-06-20 08:40:33,172] {manager.py:809} INFO - 
================================================================================
DAG File Processing Stats

File Path                                    PID  Runtime      # DAGs    # Errors  Last Runtime    Last Run
-----------------------------------------  -----  ---------  --------  ----------  --------------  -------------------
/opt/airflow/dags/scenario_insert_only.py   1209  0.02s             1           0  0.14s           2022-06-20T08:40:03
/opt/airflow/dags/scenario_restore.py       1210  0.01s             1           0  0.16s           2022-06-20T08:40:03
================================================================================
[2022-06-20 08:40:36,568] {manager.py:462} INFO - Exiting gracefully upon receiving signal 15
