[2022-06-20 08:17:52,858] {processor.py:153} INFO - Started process (PID=43) to work on /opt/airflow/dags/scenario_restore.py
[2022-06-20 08:17:52,859] {processor.py:641} INFO - Processing file /opt/airflow/dags/scenario_restore.py for tasks to queue
[2022-06-20 08:17:52,861] {logging_mixin.py:115} INFO - [2022-06-20 08:17:52,861] {dagbag.py:507} INFO - Filling up the DagBag from /opt/airflow/dags/scenario_restore.py
[2022-06-20 08:17:52,906] {processor.py:651} INFO - DAG(s) dict_keys(['scenario_restore']) retrieved from /opt/airflow/dags/scenario_restore.py
[2022-06-20 08:17:52,968] {logging_mixin.py:115} INFO - [2022-06-20 08:17:52,968] {dag.py:2379} INFO - Sync 1 DAGs
[2022-06-20 08:17:53,026] {logging_mixin.py:115} INFO - [2022-06-20 08:17:53,026] {dag.py:2931} INFO - Setting next_dagrun for scenario_restore to 2022-06-20T00:00:00+00:00, run_after=2022-06-21T00:00:00+00:00
[2022-06-20 08:17:53,057] {processor.py:161} INFO - Processing /opt/airflow/dags/scenario_restore.py took 0.205 seconds
[2022-06-20 08:18:23,123] {processor.py:153} INFO - Started process (PID=63) to work on /opt/airflow/dags/scenario_restore.py
[2022-06-20 08:18:23,124] {processor.py:641} INFO - Processing file /opt/airflow/dags/scenario_restore.py for tasks to queue
[2022-06-20 08:18:23,127] {logging_mixin.py:115} INFO - [2022-06-20 08:18:23,126] {dagbag.py:507} INFO - Filling up the DagBag from /opt/airflow/dags/scenario_restore.py
[2022-06-20 08:18:23,139] {processor.py:651} INFO - DAG(s) dict_keys(['scenario_restore']) retrieved from /opt/airflow/dags/scenario_restore.py
[2022-06-20 08:18:23,170] {logging_mixin.py:115} INFO - [2022-06-20 08:18:23,170] {dag.py:2379} INFO - Sync 1 DAGs
[2022-06-20 08:18:23,196] {logging_mixin.py:115} INFO - [2022-06-20 08:18:23,196] {dag.py:2931} INFO - Setting next_dagrun for scenario_restore to 2022-06-20T00:00:00+00:00, run_after=2022-06-21T00:00:00+00:00
[2022-06-20 08:18:23,212] {processor.py:161} INFO - Processing /opt/airflow/dags/scenario_restore.py took 0.093 seconds
[2022-06-20 08:18:53,321] {processor.py:153} INFO - Started process (PID=93) to work on /opt/airflow/dags/scenario_restore.py
[2022-06-20 08:18:53,322] {processor.py:641} INFO - Processing file /opt/airflow/dags/scenario_restore.py for tasks to queue
[2022-06-20 08:18:53,323] {logging_mixin.py:115} INFO - [2022-06-20 08:18:53,323] {dagbag.py:507} INFO - Filling up the DagBag from /opt/airflow/dags/scenario_restore.py
[2022-06-20 08:18:53,333] {processor.py:651} INFO - DAG(s) dict_keys(['scenario_restore']) retrieved from /opt/airflow/dags/scenario_restore.py
[2022-06-20 08:18:53,362] {logging_mixin.py:115} INFO - [2022-06-20 08:18:53,361] {dag.py:2379} INFO - Sync 1 DAGs
[2022-06-20 08:18:53,386] {logging_mixin.py:115} INFO - [2022-06-20 08:18:53,386] {dag.py:2931} INFO - Setting next_dagrun for scenario_restore to 2022-06-20T00:00:00+00:00, run_after=2022-06-21T00:00:00+00:00
[2022-06-20 08:18:53,399] {processor.py:161} INFO - Processing /opt/airflow/dags/scenario_restore.py took 0.082 seconds
[2022-06-20 08:19:23,510] {processor.py:153} INFO - Started process (PID=123) to work on /opt/airflow/dags/scenario_restore.py
[2022-06-20 08:19:23,511] {processor.py:641} INFO - Processing file /opt/airflow/dags/scenario_restore.py for tasks to queue
[2022-06-20 08:19:23,513] {logging_mixin.py:115} INFO - [2022-06-20 08:19:23,513] {dagbag.py:507} INFO - Filling up the DagBag from /opt/airflow/dags/scenario_restore.py
[2022-06-20 08:19:23,524] {processor.py:651} INFO - DAG(s) dict_keys(['scenario_restore']) retrieved from /opt/airflow/dags/scenario_restore.py
[2022-06-20 08:19:23,552] {logging_mixin.py:115} INFO - [2022-06-20 08:19:23,552] {dag.py:2379} INFO - Sync 1 DAGs
[2022-06-20 08:19:23,575] {logging_mixin.py:115} INFO - [2022-06-20 08:19:23,575] {dag.py:2931} INFO - Setting next_dagrun for scenario_restore to 2022-06-20T00:00:00+00:00, run_after=2022-06-21T00:00:00+00:00
[2022-06-20 08:19:23,593] {processor.py:161} INFO - Processing /opt/airflow/dags/scenario_restore.py took 0.086 seconds
[2022-06-20 08:19:53,722] {processor.py:153} INFO - Started process (PID=144) to work on /opt/airflow/dags/scenario_restore.py
[2022-06-20 08:19:53,725] {processor.py:641} INFO - Processing file /opt/airflow/dags/scenario_restore.py for tasks to queue
[2022-06-20 08:19:53,726] {logging_mixin.py:115} INFO - [2022-06-20 08:19:53,726] {dagbag.py:507} INFO - Filling up the DagBag from /opt/airflow/dags/scenario_restore.py
[2022-06-20 08:19:53,735] {processor.py:651} INFO - DAG(s) dict_keys(['scenario_restore']) retrieved from /opt/airflow/dags/scenario_restore.py
[2022-06-20 08:19:53,763] {logging_mixin.py:115} INFO - [2022-06-20 08:19:53,763] {dag.py:2379} INFO - Sync 1 DAGs
[2022-06-20 08:19:53,787] {logging_mixin.py:115} INFO - [2022-06-20 08:19:53,787] {dag.py:2931} INFO - Setting next_dagrun for scenario_restore to 2022-06-20T00:00:00+00:00, run_after=2022-06-21T00:00:00+00:00
[2022-06-20 08:19:53,800] {processor.py:161} INFO - Processing /opt/airflow/dags/scenario_restore.py took 0.083 seconds
[2022-06-20 08:20:23,938] {processor.py:153} INFO - Started process (PID=173) to work on /opt/airflow/dags/scenario_restore.py
[2022-06-20 08:20:23,939] {processor.py:641} INFO - Processing file /opt/airflow/dags/scenario_restore.py for tasks to queue
[2022-06-20 08:20:23,941] {logging_mixin.py:115} INFO - [2022-06-20 08:20:23,940] {dagbag.py:507} INFO - Filling up the DagBag from /opt/airflow/dags/scenario_restore.py
[2022-06-20 08:20:23,951] {processor.py:651} INFO - DAG(s) dict_keys(['scenario_restore']) retrieved from /opt/airflow/dags/scenario_restore.py
[2022-06-20 08:20:23,982] {logging_mixin.py:115} INFO - [2022-06-20 08:20:23,982] {dag.py:2379} INFO - Sync 1 DAGs
[2022-06-20 08:20:24,008] {logging_mixin.py:115} INFO - [2022-06-20 08:20:24,008] {dag.py:2931} INFO - Setting next_dagrun for scenario_restore to 2022-06-20T00:00:00+00:00, run_after=2022-06-21T00:00:00+00:00
[2022-06-20 08:20:24,037] {processor.py:161} INFO - Processing /opt/airflow/dags/scenario_restore.py took 0.104 seconds
[2022-06-20 08:20:54,128] {processor.py:153} INFO - Started process (PID=194) to work on /opt/airflow/dags/scenario_restore.py
[2022-06-20 08:20:54,130] {processor.py:641} INFO - Processing file /opt/airflow/dags/scenario_restore.py for tasks to queue
[2022-06-20 08:20:54,132] {logging_mixin.py:115} INFO - [2022-06-20 08:20:54,132] {dagbag.py:507} INFO - Filling up the DagBag from /opt/airflow/dags/scenario_restore.py
[2022-06-20 08:20:54,141] {processor.py:651} INFO - DAG(s) dict_keys(['scenario_restore']) retrieved from /opt/airflow/dags/scenario_restore.py
[2022-06-20 08:20:54,170] {logging_mixin.py:115} INFO - [2022-06-20 08:20:54,170] {dag.py:2379} INFO - Sync 1 DAGs
[2022-06-20 08:20:54,196] {logging_mixin.py:115} INFO - [2022-06-20 08:20:54,196] {dag.py:2931} INFO - Setting next_dagrun for scenario_restore to 2022-06-20T00:00:00+00:00, run_after=2022-06-21T00:00:00+00:00
[2022-06-20 08:20:54,209] {processor.py:161} INFO - Processing /opt/airflow/dags/scenario_restore.py took 0.085 seconds
[2022-06-20 08:21:24,301] {processor.py:153} INFO - Started process (PID=222) to work on /opt/airflow/dags/scenario_restore.py
[2022-06-20 08:21:24,302] {processor.py:641} INFO - Processing file /opt/airflow/dags/scenario_restore.py for tasks to queue
[2022-06-20 08:21:24,303] {logging_mixin.py:115} INFO - [2022-06-20 08:21:24,303] {dagbag.py:507} INFO - Filling up the DagBag from /opt/airflow/dags/scenario_restore.py
[2022-06-20 08:21:24,313] {processor.py:651} INFO - DAG(s) dict_keys(['scenario_restore']) retrieved from /opt/airflow/dags/scenario_restore.py
[2022-06-20 08:21:24,343] {logging_mixin.py:115} INFO - [2022-06-20 08:21:24,343] {dag.py:2379} INFO - Sync 1 DAGs
[2022-06-20 08:21:24,369] {logging_mixin.py:115} INFO - [2022-06-20 08:21:24,369] {dag.py:2931} INFO - Setting next_dagrun for scenario_restore to 2022-06-20T00:00:00+00:00, run_after=2022-06-21T00:00:00+00:00
[2022-06-20 08:21:24,383] {processor.py:161} INFO - Processing /opt/airflow/dags/scenario_restore.py took 0.086 seconds
[2022-06-20 08:21:54,496] {processor.py:153} INFO - Started process (PID=251) to work on /opt/airflow/dags/scenario_restore.py
[2022-06-20 08:21:54,499] {processor.py:641} INFO - Processing file /opt/airflow/dags/scenario_restore.py for tasks to queue
[2022-06-20 08:21:54,500] {logging_mixin.py:115} INFO - [2022-06-20 08:21:54,500] {dagbag.py:507} INFO - Filling up the DagBag from /opt/airflow/dags/scenario_restore.py
[2022-06-20 08:21:54,510] {processor.py:651} INFO - DAG(s) dict_keys(['scenario_restore']) retrieved from /opt/airflow/dags/scenario_restore.py
[2022-06-20 08:21:54,541] {logging_mixin.py:115} INFO - [2022-06-20 08:21:54,541] {dag.py:2379} INFO - Sync 1 DAGs
[2022-06-20 08:21:54,569] {logging_mixin.py:115} INFO - [2022-06-20 08:21:54,569] {dag.py:2931} INFO - Setting next_dagrun for scenario_restore to 2022-06-20T00:00:00+00:00, run_after=2022-06-21T00:00:00+00:00
[2022-06-20 08:21:54,585] {processor.py:161} INFO - Processing /opt/airflow/dags/scenario_restore.py took 0.093 seconds
[2022-06-20 08:22:24,710] {processor.py:153} INFO - Started process (PID=272) to work on /opt/airflow/dags/scenario_restore.py
[2022-06-20 08:22:24,711] {processor.py:641} INFO - Processing file /opt/airflow/dags/scenario_restore.py for tasks to queue
[2022-06-20 08:22:24,712] {logging_mixin.py:115} INFO - [2022-06-20 08:22:24,712] {dagbag.py:507} INFO - Filling up the DagBag from /opt/airflow/dags/scenario_restore.py
[2022-06-20 08:22:24,723] {processor.py:651} INFO - DAG(s) dict_keys(['scenario_restore']) retrieved from /opt/airflow/dags/scenario_restore.py
[2022-06-20 08:22:24,767] {logging_mixin.py:115} INFO - [2022-06-20 08:22:24,767] {dag.py:2379} INFO - Sync 1 DAGs
[2022-06-20 08:22:24,795] {logging_mixin.py:115} INFO - [2022-06-20 08:22:24,795] {dag.py:2931} INFO - Setting next_dagrun for scenario_restore to 2022-06-20T00:00:00+00:00, run_after=2022-06-21T00:00:00+00:00
[2022-06-20 08:22:24,816] {processor.py:161} INFO - Processing /opt/airflow/dags/scenario_restore.py took 0.110 seconds
[2022-06-20 08:22:54,877] {processor.py:153} INFO - Started process (PID=302) to work on /opt/airflow/dags/scenario_restore.py
[2022-06-20 08:22:54,878] {processor.py:641} INFO - Processing file /opt/airflow/dags/scenario_restore.py for tasks to queue
[2022-06-20 08:22:54,880] {logging_mixin.py:115} INFO - [2022-06-20 08:22:54,879] {dagbag.py:507} INFO - Filling up the DagBag from /opt/airflow/dags/scenario_restore.py
[2022-06-20 08:22:54,891] {processor.py:651} INFO - DAG(s) dict_keys(['scenario_restore']) retrieved from /opt/airflow/dags/scenario_restore.py
[2022-06-20 08:22:54,920] {logging_mixin.py:115} INFO - [2022-06-20 08:22:54,920] {dag.py:2379} INFO - Sync 1 DAGs
[2022-06-20 08:22:54,951] {logging_mixin.py:115} INFO - [2022-06-20 08:22:54,950] {dag.py:2931} INFO - Setting next_dagrun for scenario_restore to 2022-06-20T00:00:00+00:00, run_after=2022-06-21T00:00:00+00:00
[2022-06-20 08:22:54,971] {processor.py:161} INFO - Processing /opt/airflow/dags/scenario_restore.py took 0.101 seconds
[2022-06-20 08:23:25,167] {processor.py:153} INFO - Started process (PID=322) to work on /opt/airflow/dags/scenario_restore.py
[2022-06-20 08:23:25,172] {processor.py:641} INFO - Processing file /opt/airflow/dags/scenario_restore.py for tasks to queue
[2022-06-20 08:23:25,183] {logging_mixin.py:115} INFO - [2022-06-20 08:23:25,182] {dagbag.py:507} INFO - Filling up the DagBag from /opt/airflow/dags/scenario_restore.py
[2022-06-20 08:23:25,227] {processor.py:651} INFO - DAG(s) dict_keys(['scenario_restore']) retrieved from /opt/airflow/dags/scenario_restore.py
[2022-06-20 08:23:25,338] {logging_mixin.py:115} INFO - [2022-06-20 08:23:25,338] {dag.py:2379} INFO - Sync 1 DAGs
[2022-06-20 08:23:25,402] {logging_mixin.py:115} INFO - [2022-06-20 08:23:25,402] {dag.py:2931} INFO - Setting next_dagrun for scenario_restore to 2022-06-20T00:00:00+00:00, run_after=2022-06-21T00:00:00+00:00
[2022-06-20 08:23:25,432] {processor.py:161} INFO - Processing /opt/airflow/dags/scenario_restore.py took 0.304 seconds
[2022-06-20 08:23:55,522] {processor.py:153} INFO - Started process (PID=352) to work on /opt/airflow/dags/scenario_restore.py
[2022-06-20 08:23:55,524] {processor.py:641} INFO - Processing file /opt/airflow/dags/scenario_restore.py for tasks to queue
[2022-06-20 08:23:55,527] {logging_mixin.py:115} INFO - [2022-06-20 08:23:55,527] {dagbag.py:507} INFO - Filling up the DagBag from /opt/airflow/dags/scenario_restore.py
[2022-06-20 08:23:55,539] {processor.py:651} INFO - DAG(s) dict_keys(['scenario_restore']) retrieved from /opt/airflow/dags/scenario_restore.py
[2022-06-20 08:23:55,568] {logging_mixin.py:115} INFO - [2022-06-20 08:23:55,568] {dag.py:2379} INFO - Sync 1 DAGs
[2022-06-20 08:23:55,603] {logging_mixin.py:115} INFO - [2022-06-20 08:23:55,603] {dag.py:2931} INFO - Setting next_dagrun for scenario_restore to 2022-06-20T00:00:00+00:00, run_after=2022-06-21T00:00:00+00:00
[2022-06-20 08:23:55,616] {processor.py:161} INFO - Processing /opt/airflow/dags/scenario_restore.py took 0.099 seconds
[2022-06-20 08:24:25,733] {processor.py:153} INFO - Started process (PID=381) to work on /opt/airflow/dags/scenario_restore.py
[2022-06-20 08:24:25,735] {processor.py:641} INFO - Processing file /opt/airflow/dags/scenario_restore.py for tasks to queue
[2022-06-20 08:24:25,736] {logging_mixin.py:115} INFO - [2022-06-20 08:24:25,736] {dagbag.py:507} INFO - Filling up the DagBag from /opt/airflow/dags/scenario_restore.py
[2022-06-20 08:24:25,763] {processor.py:651} INFO - DAG(s) dict_keys(['scenario_restore']) retrieved from /opt/airflow/dags/scenario_restore.py
[2022-06-20 08:24:25,824] {logging_mixin.py:115} INFO - [2022-06-20 08:24:25,824] {dag.py:2379} INFO - Sync 1 DAGs
[2022-06-20 08:24:25,879] {logging_mixin.py:115} INFO - [2022-06-20 08:24:25,879] {dag.py:2931} INFO - Setting next_dagrun for scenario_restore to 2022-06-20T00:00:00+00:00, run_after=2022-06-21T00:00:00+00:00
[2022-06-20 08:24:25,918] {processor.py:161} INFO - Processing /opt/airflow/dags/scenario_restore.py took 0.199 seconds
[2022-06-20 08:24:56,039] {processor.py:153} INFO - Started process (PID=401) to work on /opt/airflow/dags/scenario_restore.py
[2022-06-20 08:24:56,041] {processor.py:641} INFO - Processing file /opt/airflow/dags/scenario_restore.py for tasks to queue
[2022-06-20 08:24:56,042] {logging_mixin.py:115} INFO - [2022-06-20 08:24:56,042] {dagbag.py:507} INFO - Filling up the DagBag from /opt/airflow/dags/scenario_restore.py
[2022-06-20 08:24:56,052] {processor.py:651} INFO - DAG(s) dict_keys(['scenario_restore']) retrieved from /opt/airflow/dags/scenario_restore.py
[2022-06-20 08:24:56,080] {logging_mixin.py:115} INFO - [2022-06-20 08:24:56,080] {dag.py:2379} INFO - Sync 1 DAGs
[2022-06-20 08:24:56,104] {logging_mixin.py:115} INFO - [2022-06-20 08:24:56,104] {dag.py:2931} INFO - Setting next_dagrun for scenario_restore to 2022-06-20T00:00:00+00:00, run_after=2022-06-21T00:00:00+00:00
[2022-06-20 08:24:56,117] {processor.py:161} INFO - Processing /opt/airflow/dags/scenario_restore.py took 0.084 seconds
[2022-06-20 08:25:26,205] {processor.py:153} INFO - Started process (PID=430) to work on /opt/airflow/dags/scenario_restore.py
[2022-06-20 08:25:26,206] {processor.py:641} INFO - Processing file /opt/airflow/dags/scenario_restore.py for tasks to queue
[2022-06-20 08:25:26,207] {logging_mixin.py:115} INFO - [2022-06-20 08:25:26,207] {dagbag.py:507} INFO - Filling up the DagBag from /opt/airflow/dags/scenario_restore.py
[2022-06-20 08:25:26,220] {processor.py:651} INFO - DAG(s) dict_keys(['scenario_restore']) retrieved from /opt/airflow/dags/scenario_restore.py
[2022-06-20 08:25:26,266] {logging_mixin.py:115} INFO - [2022-06-20 08:25:26,266] {dag.py:2379} INFO - Sync 1 DAGs
[2022-06-20 08:25:26,304] {logging_mixin.py:115} INFO - [2022-06-20 08:25:26,303] {dag.py:2931} INFO - Setting next_dagrun for scenario_restore to 2022-06-20T00:00:00+00:00, run_after=2022-06-21T00:00:00+00:00
[2022-06-20 08:25:26,325] {processor.py:161} INFO - Processing /opt/airflow/dags/scenario_restore.py took 0.124 seconds
[2022-06-20 08:25:56,430] {processor.py:153} INFO - Started process (PID=450) to work on /opt/airflow/dags/scenario_restore.py
[2022-06-20 08:25:56,432] {processor.py:641} INFO - Processing file /opt/airflow/dags/scenario_restore.py for tasks to queue
[2022-06-20 08:25:56,435] {logging_mixin.py:115} INFO - [2022-06-20 08:25:56,435] {dagbag.py:507} INFO - Filling up the DagBag from /opt/airflow/dags/scenario_restore.py
[2022-06-20 08:25:56,448] {processor.py:651} INFO - DAG(s) dict_keys(['scenario_restore']) retrieved from /opt/airflow/dags/scenario_restore.py
[2022-06-20 08:25:56,490] {logging_mixin.py:115} INFO - [2022-06-20 08:25:56,490] {dag.py:2379} INFO - Sync 1 DAGs
[2022-06-20 08:25:56,518] {logging_mixin.py:115} INFO - [2022-06-20 08:25:56,518] {dag.py:2931} INFO - Setting next_dagrun for scenario_restore to 2022-06-20T00:00:00+00:00, run_after=2022-06-21T00:00:00+00:00
[2022-06-20 08:25:56,537] {processor.py:161} INFO - Processing /opt/airflow/dags/scenario_restore.py took 0.114 seconds
[2022-06-20 08:26:26,647] {processor.py:153} INFO - Started process (PID=480) to work on /opt/airflow/dags/scenario_restore.py
[2022-06-20 08:26:26,649] {processor.py:641} INFO - Processing file /opt/airflow/dags/scenario_restore.py for tasks to queue
[2022-06-20 08:26:26,651] {logging_mixin.py:115} INFO - [2022-06-20 08:26:26,650] {dagbag.py:507} INFO - Filling up the DagBag from /opt/airflow/dags/scenario_restore.py
[2022-06-20 08:26:26,667] {processor.py:651} INFO - DAG(s) dict_keys(['scenario_restore']) retrieved from /opt/airflow/dags/scenario_restore.py
[2022-06-20 08:26:26,698] {logging_mixin.py:115} INFO - [2022-06-20 08:26:26,698] {dag.py:2379} INFO - Sync 1 DAGs
[2022-06-20 08:26:26,727] {logging_mixin.py:115} INFO - [2022-06-20 08:26:26,726] {dag.py:2931} INFO - Setting next_dagrun for scenario_restore to 2022-06-20T00:00:00+00:00, run_after=2022-06-21T00:00:00+00:00
[2022-06-20 08:26:26,742] {processor.py:161} INFO - Processing /opt/airflow/dags/scenario_restore.py took 0.100 seconds
[2022-06-20 08:26:56,846] {processor.py:153} INFO - Started process (PID=510) to work on /opt/airflow/dags/scenario_restore.py
[2022-06-20 08:26:56,850] {processor.py:641} INFO - Processing file /opt/airflow/dags/scenario_restore.py for tasks to queue
[2022-06-20 08:26:56,852] {logging_mixin.py:115} INFO - [2022-06-20 08:26:56,852] {dagbag.py:507} INFO - Filling up the DagBag from /opt/airflow/dags/scenario_restore.py
[2022-06-20 08:26:56,876] {processor.py:651} INFO - DAG(s) dict_keys(['scenario_restore']) retrieved from /opt/airflow/dags/scenario_restore.py
[2022-06-20 08:26:56,934] {logging_mixin.py:115} INFO - [2022-06-20 08:26:56,933] {dag.py:2379} INFO - Sync 1 DAGs
[2022-06-20 08:26:56,964] {logging_mixin.py:115} INFO - [2022-06-20 08:26:56,964] {dag.py:2931} INFO - Setting next_dagrun for scenario_restore to 2022-06-20T00:00:00+00:00, run_after=2022-06-21T00:00:00+00:00
[2022-06-20 08:26:56,979] {processor.py:161} INFO - Processing /opt/airflow/dags/scenario_restore.py took 0.140 seconds
[2022-06-20 08:27:27,078] {processor.py:153} INFO - Started process (PID=530) to work on /opt/airflow/dags/scenario_restore.py
[2022-06-20 08:27:27,081] {processor.py:641} INFO - Processing file /opt/airflow/dags/scenario_restore.py for tasks to queue
[2022-06-20 08:27:27,083] {logging_mixin.py:115} INFO - [2022-06-20 08:27:27,083] {dagbag.py:507} INFO - Filling up the DagBag from /opt/airflow/dags/scenario_restore.py
[2022-06-20 08:27:27,097] {processor.py:651} INFO - DAG(s) dict_keys(['scenario_restore']) retrieved from /opt/airflow/dags/scenario_restore.py
[2022-06-20 08:27:27,152] {logging_mixin.py:115} INFO - [2022-06-20 08:27:27,151] {dag.py:2379} INFO - Sync 1 DAGs
[2022-06-20 08:27:27,200] {logging_mixin.py:115} INFO - [2022-06-20 08:27:27,200] {dag.py:2931} INFO - Setting next_dagrun for scenario_restore to 2022-06-20T00:00:00+00:00, run_after=2022-06-21T00:00:00+00:00
[2022-06-20 08:27:27,225] {processor.py:161} INFO - Processing /opt/airflow/dags/scenario_restore.py took 0.150 seconds
[2022-06-20 08:27:57,396] {processor.py:153} INFO - Started process (PID=560) to work on /opt/airflow/dags/scenario_restore.py
[2022-06-20 08:27:57,397] {processor.py:641} INFO - Processing file /opt/airflow/dags/scenario_restore.py for tasks to queue
[2022-06-20 08:27:57,398] {logging_mixin.py:115} INFO - [2022-06-20 08:27:57,398] {dagbag.py:507} INFO - Filling up the DagBag from /opt/airflow/dags/scenario_restore.py
[2022-06-20 08:27:57,408] {processor.py:651} INFO - DAG(s) dict_keys(['scenario_restore']) retrieved from /opt/airflow/dags/scenario_restore.py
[2022-06-20 08:27:57,434] {logging_mixin.py:115} INFO - [2022-06-20 08:27:57,434] {dag.py:2379} INFO - Sync 1 DAGs
[2022-06-20 08:27:57,457] {logging_mixin.py:115} INFO - [2022-06-20 08:27:57,457] {dag.py:2931} INFO - Setting next_dagrun for scenario_restore to 2022-06-20T00:00:00+00:00, run_after=2022-06-21T00:00:00+00:00
[2022-06-20 08:27:57,472] {processor.py:161} INFO - Processing /opt/airflow/dags/scenario_restore.py took 0.080 seconds
[2022-06-20 08:28:27,591] {processor.py:153} INFO - Started process (PID=580) to work on /opt/airflow/dags/scenario_restore.py
[2022-06-20 08:28:27,592] {processor.py:641} INFO - Processing file /opt/airflow/dags/scenario_restore.py for tasks to queue
[2022-06-20 08:28:27,593] {logging_mixin.py:115} INFO - [2022-06-20 08:28:27,593] {dagbag.py:507} INFO - Filling up the DagBag from /opt/airflow/dags/scenario_restore.py
[2022-06-20 08:28:27,603] {processor.py:651} INFO - DAG(s) dict_keys(['scenario_restore']) retrieved from /opt/airflow/dags/scenario_restore.py
[2022-06-20 08:28:27,633] {logging_mixin.py:115} INFO - [2022-06-20 08:28:27,632] {dag.py:2379} INFO - Sync 1 DAGs
[2022-06-20 08:28:27,662] {logging_mixin.py:115} INFO - [2022-06-20 08:28:27,662] {dag.py:2931} INFO - Setting next_dagrun for scenario_restore to 2022-06-20T00:00:00+00:00, run_after=2022-06-21T00:00:00+00:00
[2022-06-20 08:28:27,679] {processor.py:161} INFO - Processing /opt/airflow/dags/scenario_restore.py took 0.092 seconds
[2022-06-20 08:28:57,786] {processor.py:153} INFO - Started process (PID=610) to work on /opt/airflow/dags/scenario_restore.py
[2022-06-20 08:28:57,788] {processor.py:641} INFO - Processing file /opt/airflow/dags/scenario_restore.py for tasks to queue
[2022-06-20 08:28:57,789] {logging_mixin.py:115} INFO - [2022-06-20 08:28:57,789] {dagbag.py:507} INFO - Filling up the DagBag from /opt/airflow/dags/scenario_restore.py
[2022-06-20 08:28:57,801] {processor.py:651} INFO - DAG(s) dict_keys(['scenario_restore']) retrieved from /opt/airflow/dags/scenario_restore.py
[2022-06-20 08:28:57,832] {logging_mixin.py:115} INFO - [2022-06-20 08:28:57,832] {dag.py:2379} INFO - Sync 1 DAGs
[2022-06-20 08:28:57,865] {logging_mixin.py:115} INFO - [2022-06-20 08:28:57,865] {dag.py:2931} INFO - Setting next_dagrun for scenario_restore to 2022-06-20T00:00:00+00:00, run_after=2022-06-21T00:00:00+00:00
[2022-06-20 08:28:57,895] {processor.py:161} INFO - Processing /opt/airflow/dags/scenario_restore.py took 0.113 seconds
[2022-06-20 08:29:27,991] {processor.py:153} INFO - Started process (PID=630) to work on /opt/airflow/dags/scenario_restore.py
[2022-06-20 08:29:27,993] {processor.py:641} INFO - Processing file /opt/airflow/dags/scenario_restore.py for tasks to queue
[2022-06-20 08:29:27,995] {logging_mixin.py:115} INFO - [2022-06-20 08:29:27,994] {dagbag.py:507} INFO - Filling up the DagBag from /opt/airflow/dags/scenario_restore.py
[2022-06-20 08:29:28,013] {processor.py:651} INFO - DAG(s) dict_keys(['scenario_restore']) retrieved from /opt/airflow/dags/scenario_restore.py
[2022-06-20 08:29:28,046] {logging_mixin.py:115} INFO - [2022-06-20 08:29:28,046] {dag.py:2379} INFO - Sync 1 DAGs
[2022-06-20 08:29:28,082] {logging_mixin.py:115} INFO - [2022-06-20 08:29:28,082] {dag.py:2931} INFO - Setting next_dagrun for scenario_restore to 2022-06-20T00:00:00+00:00, run_after=2022-06-21T00:00:00+00:00
[2022-06-20 08:29:28,099] {processor.py:161} INFO - Processing /opt/airflow/dags/scenario_restore.py took 0.114 seconds
[2022-06-20 08:29:58,216] {processor.py:153} INFO - Started process (PID=659) to work on /opt/airflow/dags/scenario_restore.py
[2022-06-20 08:29:58,217] {processor.py:641} INFO - Processing file /opt/airflow/dags/scenario_restore.py for tasks to queue
[2022-06-20 08:29:58,218] {logging_mixin.py:115} INFO - [2022-06-20 08:29:58,218] {dagbag.py:507} INFO - Filling up the DagBag from /opt/airflow/dags/scenario_restore.py
[2022-06-20 08:29:58,233] {processor.py:651} INFO - DAG(s) dict_keys(['scenario_restore']) retrieved from /opt/airflow/dags/scenario_restore.py
[2022-06-20 08:29:58,262] {logging_mixin.py:115} INFO - [2022-06-20 08:29:58,261] {dag.py:2379} INFO - Sync 1 DAGs
[2022-06-20 08:29:58,286] {logging_mixin.py:115} INFO - [2022-06-20 08:29:58,285] {dag.py:2931} INFO - Setting next_dagrun for scenario_restore to 2022-06-20T00:00:00+00:00, run_after=2022-06-21T00:00:00+00:00
[2022-06-20 08:29:58,298] {processor.py:161} INFO - Processing /opt/airflow/dags/scenario_restore.py took 0.092 seconds
[2022-06-20 08:30:28,388] {processor.py:153} INFO - Started process (PID=688) to work on /opt/airflow/dags/scenario_restore.py
[2022-06-20 08:30:28,389] {processor.py:641} INFO - Processing file /opt/airflow/dags/scenario_restore.py for tasks to queue
[2022-06-20 08:30:28,390] {logging_mixin.py:115} INFO - [2022-06-20 08:30:28,390] {dagbag.py:507} INFO - Filling up the DagBag from /opt/airflow/dags/scenario_restore.py
[2022-06-20 08:30:28,402] {processor.py:651} INFO - DAG(s) dict_keys(['scenario_restore']) retrieved from /opt/airflow/dags/scenario_restore.py
[2022-06-20 08:30:28,435] {logging_mixin.py:115} INFO - [2022-06-20 08:30:28,435] {dag.py:2379} INFO - Sync 1 DAGs
[2022-06-20 08:30:28,482] {logging_mixin.py:115} INFO - [2022-06-20 08:30:28,481] {dag.py:2931} INFO - Setting next_dagrun for scenario_restore to 2022-06-20T00:00:00+00:00, run_after=2022-06-21T00:00:00+00:00
[2022-06-20 08:30:28,501] {processor.py:161} INFO - Processing /opt/airflow/dags/scenario_restore.py took 0.118 seconds
[2022-06-20 08:30:58,704] {processor.py:153} INFO - Started process (PID=708) to work on /opt/airflow/dags/scenario_restore.py
[2022-06-20 08:30:58,709] {processor.py:641} INFO - Processing file /opt/airflow/dags/scenario_restore.py for tasks to queue
[2022-06-20 08:30:58,712] {logging_mixin.py:115} INFO - [2022-06-20 08:30:58,712] {dagbag.py:507} INFO - Filling up the DagBag from /opt/airflow/dags/scenario_restore.py
[2022-06-20 08:30:58,730] {processor.py:651} INFO - DAG(s) dict_keys(['scenario_restore']) retrieved from /opt/airflow/dags/scenario_restore.py
[2022-06-20 08:30:58,782] {logging_mixin.py:115} INFO - [2022-06-20 08:30:58,781] {dag.py:2379} INFO - Sync 1 DAGs
[2022-06-20 08:30:58,816] {logging_mixin.py:115} INFO - [2022-06-20 08:30:58,816] {dag.py:2931} INFO - Setting next_dagrun for scenario_restore to 2022-06-20T00:00:00+00:00, run_after=2022-06-21T00:00:00+00:00
[2022-06-20 08:30:58,835] {processor.py:161} INFO - Processing /opt/airflow/dags/scenario_restore.py took 0.152 seconds
[2022-06-20 08:31:28,977] {processor.py:153} INFO - Started process (PID=737) to work on /opt/airflow/dags/scenario_restore.py
[2022-06-20 08:31:28,979] {processor.py:641} INFO - Processing file /opt/airflow/dags/scenario_restore.py for tasks to queue
[2022-06-20 08:31:28,980] {logging_mixin.py:115} INFO - [2022-06-20 08:31:28,980] {dagbag.py:507} INFO - Filling up the DagBag from /opt/airflow/dags/scenario_restore.py
[2022-06-20 08:31:28,990] {processor.py:651} INFO - DAG(s) dict_keys(['scenario_restore']) retrieved from /opt/airflow/dags/scenario_restore.py
[2022-06-20 08:31:29,019] {logging_mixin.py:115} INFO - [2022-06-20 08:31:29,019] {dag.py:2379} INFO - Sync 1 DAGs
[2022-06-20 08:31:29,043] {logging_mixin.py:115} INFO - [2022-06-20 08:31:29,043] {dag.py:2931} INFO - Setting next_dagrun for scenario_restore to 2022-06-20T00:00:00+00:00, run_after=2022-06-21T00:00:00+00:00
[2022-06-20 08:31:29,056] {processor.py:161} INFO - Processing /opt/airflow/dags/scenario_restore.py took 0.083 seconds
[2022-06-20 08:31:59,184] {processor.py:153} INFO - Started process (PID=757) to work on /opt/airflow/dags/scenario_restore.py
[2022-06-20 08:31:59,185] {processor.py:641} INFO - Processing file /opt/airflow/dags/scenario_restore.py for tasks to queue
[2022-06-20 08:31:59,186] {logging_mixin.py:115} INFO - [2022-06-20 08:31:59,186] {dagbag.py:507} INFO - Filling up the DagBag from /opt/airflow/dags/scenario_restore.py
[2022-06-20 08:31:59,197] {processor.py:651} INFO - DAG(s) dict_keys(['scenario_restore']) retrieved from /opt/airflow/dags/scenario_restore.py
[2022-06-20 08:31:59,229] {logging_mixin.py:115} INFO - [2022-06-20 08:31:59,229] {dag.py:2379} INFO - Sync 1 DAGs
[2022-06-20 08:31:59,273] {logging_mixin.py:115} INFO - [2022-06-20 08:31:59,273] {dag.py:2931} INFO - Setting next_dagrun for scenario_restore to 2022-06-20T00:00:00+00:00, run_after=2022-06-21T00:00:00+00:00
[2022-06-20 08:31:59,292] {processor.py:161} INFO - Processing /opt/airflow/dags/scenario_restore.py took 0.112 seconds
[2022-06-20 08:32:29,427] {processor.py:153} INFO - Started process (PID=788) to work on /opt/airflow/dags/scenario_restore.py
[2022-06-20 08:32:29,430] {processor.py:641} INFO - Processing file /opt/airflow/dags/scenario_restore.py for tasks to queue
[2022-06-20 08:32:29,435] {logging_mixin.py:115} INFO - [2022-06-20 08:32:29,435] {dagbag.py:507} INFO - Filling up the DagBag from /opt/airflow/dags/scenario_restore.py
[2022-06-20 08:32:29,449] {processor.py:651} INFO - DAG(s) dict_keys(['scenario_restore']) retrieved from /opt/airflow/dags/scenario_restore.py
[2022-06-20 08:32:29,482] {logging_mixin.py:115} INFO - [2022-06-20 08:32:29,482] {dag.py:2379} INFO - Sync 1 DAGs
[2022-06-20 08:32:29,533] {logging_mixin.py:115} INFO - [2022-06-20 08:32:29,532] {dag.py:2931} INFO - Setting next_dagrun for scenario_restore to 2022-06-20T00:00:00+00:00, run_after=2022-06-21T00:00:00+00:00
[2022-06-20 08:32:29,559] {processor.py:161} INFO - Processing /opt/airflow/dags/scenario_restore.py took 0.140 seconds
[2022-06-20 08:32:59,745] {processor.py:153} INFO - Started process (PID=819) to work on /opt/airflow/dags/scenario_restore.py
[2022-06-20 08:32:59,747] {processor.py:641} INFO - Processing file /opt/airflow/dags/scenario_restore.py for tasks to queue
[2022-06-20 08:32:59,749] {logging_mixin.py:115} INFO - [2022-06-20 08:32:59,749] {dagbag.py:507} INFO - Filling up the DagBag from /opt/airflow/dags/scenario_restore.py
[2022-06-20 08:32:59,759] {processor.py:651} INFO - DAG(s) dict_keys(['scenario_restore']) retrieved from /opt/airflow/dags/scenario_restore.py
[2022-06-20 08:32:59,790] {logging_mixin.py:115} INFO - [2022-06-20 08:32:59,790] {dag.py:2379} INFO - Sync 1 DAGs
[2022-06-20 08:32:59,821] {logging_mixin.py:115} INFO - [2022-06-20 08:32:59,821] {dag.py:2931} INFO - Setting next_dagrun for scenario_restore to 2022-06-20T00:00:00+00:00, run_after=2022-06-21T00:00:00+00:00
[2022-06-20 08:32:59,840] {processor.py:161} INFO - Processing /opt/airflow/dags/scenario_restore.py took 0.102 seconds
[2022-06-20 08:33:29,968] {processor.py:153} INFO - Started process (PID=839) to work on /opt/airflow/dags/scenario_restore.py
[2022-06-20 08:33:29,970] {processor.py:641} INFO - Processing file /opt/airflow/dags/scenario_restore.py for tasks to queue
[2022-06-20 08:33:29,972] {logging_mixin.py:115} INFO - [2022-06-20 08:33:29,971] {dagbag.py:507} INFO - Filling up the DagBag from /opt/airflow/dags/scenario_restore.py
[2022-06-20 08:33:29,984] {processor.py:651} INFO - DAG(s) dict_keys(['scenario_restore']) retrieved from /opt/airflow/dags/scenario_restore.py
[2022-06-20 08:33:30,024] {logging_mixin.py:115} INFO - [2022-06-20 08:33:30,024] {dag.py:2379} INFO - Sync 1 DAGs
[2022-06-20 08:33:30,055] {logging_mixin.py:115} INFO - [2022-06-20 08:33:30,055] {dag.py:2931} INFO - Setting next_dagrun for scenario_restore to 2022-06-20T00:00:00+00:00, run_after=2022-06-21T00:00:00+00:00
[2022-06-20 08:33:30,074] {processor.py:161} INFO - Processing /opt/airflow/dags/scenario_restore.py took 0.111 seconds
[2022-06-20 08:34:00,217] {processor.py:153} INFO - Started process (PID=869) to work on /opt/airflow/dags/scenario_restore.py
[2022-06-20 08:34:00,219] {processor.py:641} INFO - Processing file /opt/airflow/dags/scenario_restore.py for tasks to queue
[2022-06-20 08:34:00,220] {logging_mixin.py:115} INFO - [2022-06-20 08:34:00,220] {dagbag.py:507} INFO - Filling up the DagBag from /opt/airflow/dags/scenario_restore.py
[2022-06-20 08:34:00,232] {processor.py:651} INFO - DAG(s) dict_keys(['scenario_restore']) retrieved from /opt/airflow/dags/scenario_restore.py
[2022-06-20 08:34:00,312] {logging_mixin.py:115} INFO - [2022-06-20 08:34:00,312] {dag.py:2379} INFO - Sync 1 DAGs
[2022-06-20 08:34:00,347] {logging_mixin.py:115} INFO - [2022-06-20 08:34:00,347] {dag.py:2931} INFO - Setting next_dagrun for scenario_restore to 2022-06-20T00:00:00+00:00, run_after=2022-06-21T00:00:00+00:00
[2022-06-20 08:34:00,373] {processor.py:161} INFO - Processing /opt/airflow/dags/scenario_restore.py took 0.164 seconds
[2022-06-20 08:34:30,493] {processor.py:153} INFO - Started process (PID=890) to work on /opt/airflow/dags/scenario_restore.py
[2022-06-20 08:34:30,498] {processor.py:641} INFO - Processing file /opt/airflow/dags/scenario_restore.py for tasks to queue
[2022-06-20 08:34:30,500] {logging_mixin.py:115} INFO - [2022-06-20 08:34:30,500] {dagbag.py:507} INFO - Filling up the DagBag from /opt/airflow/dags/scenario_restore.py
[2022-06-20 08:34:30,518] {processor.py:651} INFO - DAG(s) dict_keys(['scenario_restore']) retrieved from /opt/airflow/dags/scenario_restore.py
[2022-06-20 08:34:30,562] {logging_mixin.py:115} INFO - [2022-06-20 08:34:30,562] {dag.py:2379} INFO - Sync 1 DAGs
[2022-06-20 08:34:30,622] {logging_mixin.py:115} INFO - [2022-06-20 08:34:30,621] {dag.py:2931} INFO - Setting next_dagrun for scenario_restore to 2022-06-20T00:00:00+00:00, run_after=2022-06-21T00:00:00+00:00
[2022-06-20 08:34:30,651] {processor.py:161} INFO - Processing /opt/airflow/dags/scenario_restore.py took 0.170 seconds
[2022-06-20 08:35:00,756] {processor.py:153} INFO - Started process (PID=921) to work on /opt/airflow/dags/scenario_restore.py
[2022-06-20 08:35:00,758] {processor.py:641} INFO - Processing file /opt/airflow/dags/scenario_restore.py for tasks to queue
[2022-06-20 08:35:00,759] {logging_mixin.py:115} INFO - [2022-06-20 08:35:00,759] {dagbag.py:507} INFO - Filling up the DagBag from /opt/airflow/dags/scenario_restore.py
[2022-06-20 08:35:00,768] {processor.py:651} INFO - DAG(s) dict_keys(['scenario_restore']) retrieved from /opt/airflow/dags/scenario_restore.py
[2022-06-20 08:35:00,796] {logging_mixin.py:115} INFO - [2022-06-20 08:35:00,796] {dag.py:2379} INFO - Sync 1 DAGs
[2022-06-20 08:35:00,818] {logging_mixin.py:115} INFO - [2022-06-20 08:35:00,818] {dag.py:2931} INFO - Setting next_dagrun for scenario_restore to 2022-06-20T00:00:00+00:00, run_after=2022-06-21T00:00:00+00:00
[2022-06-20 08:35:00,833] {processor.py:161} INFO - Processing /opt/airflow/dags/scenario_restore.py took 0.083 seconds
[2022-06-20 08:35:30,949] {processor.py:153} INFO - Started process (PID=950) to work on /opt/airflow/dags/scenario_restore.py
[2022-06-20 08:35:30,950] {processor.py:641} INFO - Processing file /opt/airflow/dags/scenario_restore.py for tasks to queue
[2022-06-20 08:35:30,951] {logging_mixin.py:115} INFO - [2022-06-20 08:35:30,951] {dagbag.py:507} INFO - Filling up the DagBag from /opt/airflow/dags/scenario_restore.py
[2022-06-20 08:35:30,961] {processor.py:651} INFO - DAG(s) dict_keys(['scenario_restore']) retrieved from /opt/airflow/dags/scenario_restore.py
[2022-06-20 08:35:30,990] {logging_mixin.py:115} INFO - [2022-06-20 08:35:30,990] {dag.py:2379} INFO - Sync 1 DAGs
[2022-06-20 08:35:31,015] {logging_mixin.py:115} INFO - [2022-06-20 08:35:31,015] {dag.py:2931} INFO - Setting next_dagrun for scenario_restore to 2022-06-20T00:00:00+00:00, run_after=2022-06-21T00:00:00+00:00
[2022-06-20 08:35:31,030] {processor.py:161} INFO - Processing /opt/airflow/dags/scenario_restore.py took 0.085 seconds
[2022-06-20 08:36:01,167] {processor.py:153} INFO - Started process (PID=970) to work on /opt/airflow/dags/scenario_restore.py
[2022-06-20 08:36:01,168] {processor.py:641} INFO - Processing file /opt/airflow/dags/scenario_restore.py for tasks to queue
[2022-06-20 08:36:01,170] {logging_mixin.py:115} INFO - [2022-06-20 08:36:01,169] {dagbag.py:507} INFO - Filling up the DagBag from /opt/airflow/dags/scenario_restore.py
[2022-06-20 08:36:01,179] {processor.py:651} INFO - DAG(s) dict_keys(['scenario_restore']) retrieved from /opt/airflow/dags/scenario_restore.py
[2022-06-20 08:36:01,207] {logging_mixin.py:115} INFO - [2022-06-20 08:36:01,207] {dag.py:2379} INFO - Sync 1 DAGs
[2022-06-20 08:36:01,230] {logging_mixin.py:115} INFO - [2022-06-20 08:36:01,230] {dag.py:2931} INFO - Setting next_dagrun for scenario_restore to 2022-06-20T00:00:00+00:00, run_after=2022-06-21T00:00:00+00:00
[2022-06-20 08:36:01,244] {processor.py:161} INFO - Processing /opt/airflow/dags/scenario_restore.py took 0.082 seconds
[2022-06-20 08:36:31,374] {processor.py:153} INFO - Started process (PID=1000) to work on /opt/airflow/dags/scenario_restore.py
[2022-06-20 08:36:31,375] {processor.py:641} INFO - Processing file /opt/airflow/dags/scenario_restore.py for tasks to queue
[2022-06-20 08:36:31,377] {logging_mixin.py:115} INFO - [2022-06-20 08:36:31,377] {dagbag.py:507} INFO - Filling up the DagBag from /opt/airflow/dags/scenario_restore.py
[2022-06-20 08:36:31,387] {processor.py:651} INFO - DAG(s) dict_keys(['scenario_restore']) retrieved from /opt/airflow/dags/scenario_restore.py
[2022-06-20 08:36:31,418] {logging_mixin.py:115} INFO - [2022-06-20 08:36:31,418] {dag.py:2379} INFO - Sync 1 DAGs
[2022-06-20 08:36:31,444] {logging_mixin.py:115} INFO - [2022-06-20 08:36:31,444] {dag.py:2931} INFO - Setting next_dagrun for scenario_restore to 2022-06-20T00:00:00+00:00, run_after=2022-06-21T00:00:00+00:00
[2022-06-20 08:36:31,468] {processor.py:161} INFO - Processing /opt/airflow/dags/scenario_restore.py took 0.099 seconds
[2022-06-20 08:37:01,605] {processor.py:153} INFO - Started process (PID=1029) to work on /opt/airflow/dags/scenario_restore.py
[2022-06-20 08:37:01,606] {processor.py:641} INFO - Processing file /opt/airflow/dags/scenario_restore.py for tasks to queue
[2022-06-20 08:37:01,608] {logging_mixin.py:115} INFO - [2022-06-20 08:37:01,608] {dagbag.py:507} INFO - Filling up the DagBag from /opt/airflow/dags/scenario_restore.py
[2022-06-20 08:37:01,618] {processor.py:651} INFO - DAG(s) dict_keys(['scenario_restore']) retrieved from /opt/airflow/dags/scenario_restore.py
[2022-06-20 08:37:01,669] {logging_mixin.py:115} INFO - [2022-06-20 08:37:01,669] {dag.py:2379} INFO - Sync 1 DAGs
[2022-06-20 08:37:01,699] {logging_mixin.py:115} INFO - [2022-06-20 08:37:01,699] {dag.py:2931} INFO - Setting next_dagrun for scenario_restore to 2022-06-20T00:00:00+00:00, run_after=2022-06-21T00:00:00+00:00
[2022-06-20 08:37:01,718] {processor.py:161} INFO - Processing /opt/airflow/dags/scenario_restore.py took 0.119 seconds
[2022-06-20 08:37:31,836] {processor.py:153} INFO - Started process (PID=1049) to work on /opt/airflow/dags/scenario_restore.py
[2022-06-20 08:37:31,838] {processor.py:641} INFO - Processing file /opt/airflow/dags/scenario_restore.py for tasks to queue
[2022-06-20 08:37:31,839] {logging_mixin.py:115} INFO - [2022-06-20 08:37:31,839] {dagbag.py:507} INFO - Filling up the DagBag from /opt/airflow/dags/scenario_restore.py
[2022-06-20 08:37:31,848] {processor.py:651} INFO - DAG(s) dict_keys(['scenario_restore']) retrieved from /opt/airflow/dags/scenario_restore.py
[2022-06-20 08:37:31,876] {logging_mixin.py:115} INFO - [2022-06-20 08:37:31,876] {dag.py:2379} INFO - Sync 1 DAGs
[2022-06-20 08:37:31,905] {logging_mixin.py:115} INFO - [2022-06-20 08:37:31,905] {dag.py:2931} INFO - Setting next_dagrun for scenario_restore to 2022-06-20T00:00:00+00:00, run_after=2022-06-21T00:00:00+00:00
[2022-06-20 08:37:31,922] {processor.py:161} INFO - Processing /opt/airflow/dags/scenario_restore.py took 0.093 seconds
[2022-06-20 08:38:02,111] {processor.py:153} INFO - Started process (PID=1079) to work on /opt/airflow/dags/scenario_restore.py
[2022-06-20 08:38:02,113] {processor.py:641} INFO - Processing file /opt/airflow/dags/scenario_restore.py for tasks to queue
[2022-06-20 08:38:02,115] {logging_mixin.py:115} INFO - [2022-06-20 08:38:02,115] {dagbag.py:507} INFO - Filling up the DagBag from /opt/airflow/dags/scenario_restore.py
[2022-06-20 08:38:02,129] {processor.py:651} INFO - DAG(s) dict_keys(['scenario_restore']) retrieved from /opt/airflow/dags/scenario_restore.py
[2022-06-20 08:38:02,166] {logging_mixin.py:115} INFO - [2022-06-20 08:38:02,166] {dag.py:2379} INFO - Sync 1 DAGs
[2022-06-20 08:38:02,198] {logging_mixin.py:115} INFO - [2022-06-20 08:38:02,198] {dag.py:2931} INFO - Setting next_dagrun for scenario_restore to 2022-06-20T00:00:00+00:00, run_after=2022-06-21T00:00:00+00:00
[2022-06-20 08:38:02,213] {processor.py:161} INFO - Processing /opt/airflow/dags/scenario_restore.py took 0.110 seconds
[2022-06-20 08:38:32,301] {processor.py:153} INFO - Started process (PID=1099) to work on /opt/airflow/dags/scenario_restore.py
[2022-06-20 08:38:32,302] {processor.py:641} INFO - Processing file /opt/airflow/dags/scenario_restore.py for tasks to queue
[2022-06-20 08:38:32,304] {logging_mixin.py:115} INFO - [2022-06-20 08:38:32,304] {dagbag.py:507} INFO - Filling up the DagBag from /opt/airflow/dags/scenario_restore.py
[2022-06-20 08:38:32,313] {processor.py:651} INFO - DAG(s) dict_keys(['scenario_restore']) retrieved from /opt/airflow/dags/scenario_restore.py
[2022-06-20 08:38:32,342] {logging_mixin.py:115} INFO - [2022-06-20 08:38:32,342] {dag.py:2379} INFO - Sync 1 DAGs
[2022-06-20 08:38:32,369] {logging_mixin.py:115} INFO - [2022-06-20 08:38:32,369] {dag.py:2931} INFO - Setting next_dagrun for scenario_restore to 2022-06-20T00:00:00+00:00, run_after=2022-06-21T00:00:00+00:00
[2022-06-20 08:38:32,386] {processor.py:161} INFO - Processing /opt/airflow/dags/scenario_restore.py took 0.090 seconds
[2022-06-20 08:39:02,501] {processor.py:153} INFO - Started process (PID=1129) to work on /opt/airflow/dags/scenario_restore.py
[2022-06-20 08:39:02,502] {processor.py:641} INFO - Processing file /opt/airflow/dags/scenario_restore.py for tasks to queue
[2022-06-20 08:39:02,503] {logging_mixin.py:115} INFO - [2022-06-20 08:39:02,503] {dagbag.py:507} INFO - Filling up the DagBag from /opt/airflow/dags/scenario_restore.py
[2022-06-20 08:39:02,518] {processor.py:651} INFO - DAG(s) dict_keys(['scenario_restore']) retrieved from /opt/airflow/dags/scenario_restore.py
[2022-06-20 08:39:02,552] {logging_mixin.py:115} INFO - [2022-06-20 08:39:02,552] {dag.py:2379} INFO - Sync 1 DAGs
[2022-06-20 08:39:02,576] {logging_mixin.py:115} INFO - [2022-06-20 08:39:02,576] {dag.py:2931} INFO - Setting next_dagrun for scenario_restore to 2022-06-20T00:00:00+00:00, run_after=2022-06-21T00:00:00+00:00
[2022-06-20 08:39:02,594] {processor.py:161} INFO - Processing /opt/airflow/dags/scenario_restore.py took 0.098 seconds
[2022-06-20 08:39:32,712] {processor.py:153} INFO - Started process (PID=1158) to work on /opt/airflow/dags/scenario_restore.py
[2022-06-20 08:39:32,714] {processor.py:641} INFO - Processing file /opt/airflow/dags/scenario_restore.py for tasks to queue
[2022-06-20 08:39:32,716] {logging_mixin.py:115} INFO - [2022-06-20 08:39:32,716] {dagbag.py:507} INFO - Filling up the DagBag from /opt/airflow/dags/scenario_restore.py
[2022-06-20 08:39:32,735] {processor.py:651} INFO - DAG(s) dict_keys(['scenario_restore']) retrieved from /opt/airflow/dags/scenario_restore.py
[2022-06-20 08:39:32,790] {logging_mixin.py:115} INFO - [2022-06-20 08:39:32,789] {dag.py:2379} INFO - Sync 1 DAGs
[2022-06-20 08:39:32,829] {logging_mixin.py:115} INFO - [2022-06-20 08:39:32,829] {dag.py:2931} INFO - Setting next_dagrun for scenario_restore to 2022-06-20T00:00:00+00:00, run_after=2022-06-21T00:00:00+00:00
[2022-06-20 08:39:32,850] {processor.py:161} INFO - Processing /opt/airflow/dags/scenario_restore.py took 0.144 seconds
[2022-06-20 08:40:02,967] {processor.py:153} INFO - Started process (PID=1180) to work on /opt/airflow/dags/scenario_restore.py
[2022-06-20 08:40:02,973] {processor.py:641} INFO - Processing file /opt/airflow/dags/scenario_restore.py for tasks to queue
[2022-06-20 08:40:02,975] {logging_mixin.py:115} INFO - [2022-06-20 08:40:02,975] {dagbag.py:507} INFO - Filling up the DagBag from /opt/airflow/dags/scenario_restore.py
[2022-06-20 08:40:02,986] {processor.py:651} INFO - DAG(s) dict_keys(['scenario_restore']) retrieved from /opt/airflow/dags/scenario_restore.py
[2022-06-20 08:40:03,021] {logging_mixin.py:115} INFO - [2022-06-20 08:40:03,021] {dag.py:2379} INFO - Sync 1 DAGs
[2022-06-20 08:40:03,056] {logging_mixin.py:115} INFO - [2022-06-20 08:40:03,055] {dag.py:2931} INFO - Setting next_dagrun for scenario_restore to 2022-06-20T00:00:00+00:00, run_after=2022-06-21T00:00:00+00:00
[2022-06-20 08:40:03,087] {processor.py:161} INFO - Processing /opt/airflow/dags/scenario_restore.py took 0.122 seconds
[2022-06-20 08:40:33,189] {processor.py:153} INFO - Started process (PID=1210) to work on /opt/airflow/dags/scenario_restore.py
[2022-06-20 08:40:33,191] {processor.py:641} INFO - Processing file /opt/airflow/dags/scenario_restore.py for tasks to queue
[2022-06-20 08:40:33,193] {logging_mixin.py:115} INFO - [2022-06-20 08:40:33,193] {dagbag.py:507} INFO - Filling up the DagBag from /opt/airflow/dags/scenario_restore.py
[2022-06-20 08:40:33,205] {processor.py:651} INFO - DAG(s) dict_keys(['scenario_restore']) retrieved from /opt/airflow/dags/scenario_restore.py
[2022-06-20 08:40:33,233] {logging_mixin.py:115} INFO - [2022-06-20 08:40:33,233] {dag.py:2379} INFO - Sync 1 DAGs
[2022-06-20 08:40:33,258] {logging_mixin.py:115} INFO - [2022-06-20 08:40:33,258] {dag.py:2931} INFO - Setting next_dagrun for scenario_restore to 2022-06-20T00:00:00+00:00, run_after=2022-06-21T00:00:00+00:00
[2022-06-20 08:40:33,273] {processor.py:161} INFO - Processing /opt/airflow/dags/scenario_restore.py took 0.091 seconds
